
*** Running vivado
    with args -log main.vds -m64 -product Vivado -mode batch -messageDb vivado.pb -notrace -source main.tcl


****** Vivado v2022.2 (64-bit)
  **** SW Build 3671981 on Fri Oct 14 04:59:54 MDT 2022
  **** IP Build 3669848 on Fri Oct 14 08:30:02 MDT 2022
    ** Copyright 1986-2022 Xilinx, Inc. All Rights Reserved.

source main.tcl -notrace
create_project: Time (s): cpu = 00:00:07 ; elapsed = 00:00:07 . Memory (MB): peak = 1332.160 ; gain = 0.023 ; free physical = 1584 ; free virtual = 4513
Command: read_checkpoint -auto_incremental -incremental /home/student/bog_zem/bog_zem.srcs/utils_1/imports/synth_1/main.dcp
INFO: [Vivado 12-5825] Read reference checkpoint from /home/student/bog_zem/bog_zem.srcs/utils_1/imports/synth_1/main.dcp for incremental synthesis
INFO: [Vivado 12-7989] Please ensure there are no constraint changes
Command: synth_design -top main -part xc7z010clg400-1
Starting synth_design
Attempting to get a license for feature 'Synthesis' and/or device 'xc7z010'
INFO: [Common 17-349] Got license for feature 'Synthesis' and/or device 'xc7z010'
INFO: [Device 21-403] Loading part xc7z010clg400-1
INFO: [Designutils 20-5440] No compile time benefit to using incremental synthesis; A full resynthesis will be run
INFO: [Designutils 20-4379] Flow is switching to default flow due to incremental criteria not met. If you would like to alter this behaviour and have the flow terminate instead, please set the following parameter config_implementation {autoIncr.Synth.RejectBehavior Terminate}
INFO: [Synth 8-7079] Multithreading enabled for synth_design using a maximum of 4 processes.
INFO: [Synth 8-7078] Launching helper process for spawning children vivado processes
INFO: [Synth 8-7075] Helper process launched with PID 15183
INFO: [Synth 8-11241] undeclared symbol 'REGCCE', assumed default net type 'wire' [/opt/Xilinx/Vivado/2022.2/data/verilog/src/unimacro/BRAM_SINGLE_MACRO.v:2170]
---------------------------------------------------------------------------------
Starting RTL Elaboration : Time (s): cpu = 00:00:04 ; elapsed = 00:00:04 . Memory (MB): peak = 1973.359 ; gain = 371.801 ; free physical = 792 ; free virtual = 3721
Synthesis current peak Physical Memory [PSS] (MB): peak = 1413.311; parent = 1205.404; children = 207.906
Synthesis current peak Virtual Memory [VSS] (MB): peak = 2975.832; parent = 1973.363; children = 1002.469
---------------------------------------------------------------------------------
INFO: [Synth 8-638] synthesizing module 'main' [/home/student/bog_zem/bog_zem.srcs/sources_1/new/main.vhd:15]
INFO: [Synth 8-638] synthesizing module 'change_wariant' [/home/student/bog_zem/bog_zem.srcs/sources_1/new/change_wariant.vhd:13]
INFO: [Synth 8-256] done synthesizing module 'change_wariant' (0#1) [/home/student/bog_zem/bog_zem.srcs/sources_1/new/change_wariant.vhd:13]
INFO: [Synth 8-638] synthesizing module 'v_controller' [/home/student/bog_zem/bog_zem.srcs/sources_1/new/v_controller.vhd:16]
INFO: [Synth 8-256] done synthesizing module 'v_controller' (0#1) [/home/student/bog_zem/bog_zem.srcs/sources_1/new/v_controller.vhd:16]
INFO: [Synth 8-638] synthesizing module 'debouncer' [/home/student/bog_zem/bog_zem.srcs/sources_1/new/debouncer.vhd:11]
WARNING: [Synth 8-614] signal 'button_pushed_flag' is read in the process but is not in the sensitivity list [/home/student/bog_zem/bog_zem.srcs/sources_1/new/debouncer.vhd:15]
WARNING: [Synth 8-614] signal 'a' is read in the process but is not in the sensitivity list [/home/student/bog_zem/bog_zem.srcs/sources_1/new/debouncer.vhd:15]
WARNING: [Synth 8-614] signal 'b' is read in the process but is not in the sensitivity list [/home/student/bog_zem/bog_zem.srcs/sources_1/new/debouncer.vhd:15]
WARNING: [Synth 8-614] signal 'c' is read in the process but is not in the sensitivity list [/home/student/bog_zem/bog_zem.srcs/sources_1/new/debouncer.vhd:15]
WARNING: [Synth 8-614] signal 'd' is read in the process but is not in the sensitivity list [/home/student/bog_zem/bog_zem.srcs/sources_1/new/debouncer.vhd:15]
INFO: [Synth 8-256] done synthesizing module 'debouncer' (0#1) [/home/student/bog_zem/bog_zem.srcs/sources_1/new/debouncer.vhd:11]
INFO: [Synth 8-256] done synthesizing module 'main' (0#1) [/home/student/bog_zem/bog_zem.srcs/sources_1/new/main.vhd:15]
---------------------------------------------------------------------------------
Finished RTL Elaboration : Time (s): cpu = 00:00:06 ; elapsed = 00:00:06 . Memory (MB): peak = 2044.328 ; gain = 442.770 ; free physical = 883 ; free virtual = 3813
Synthesis current peak Physical Memory [PSS] (MB): peak = 1413.311; parent = 1205.404; children = 207.906
Synthesis current peak Virtual Memory [VSS] (MB): peak = 3046.801; parent = 2044.332; children = 1002.469
---------------------------------------------------------------------------------
---------------------------------------------------------------------------------
Start Handling Custom Attributes
---------------------------------------------------------------------------------
---------------------------------------------------------------------------------
Finished Handling Custom Attributes : Time (s): cpu = 00:00:06 ; elapsed = 00:00:06 . Memory (MB): peak = 2059.172 ; gain = 457.613 ; free physical = 891 ; free virtual = 3821
Synthesis current peak Physical Memory [PSS] (MB): peak = 1413.311; parent = 1205.404; children = 207.906
Synthesis current peak Virtual Memory [VSS] (MB): peak = 3061.645; parent = 2059.176; children = 1002.469
---------------------------------------------------------------------------------
---------------------------------------------------------------------------------
Finished RTL Optimization Phase 1 : Time (s): cpu = 00:00:06 ; elapsed = 00:00:06 . Memory (MB): peak = 2059.172 ; gain = 457.613 ; free physical = 891 ; free virtual = 3821
Synthesis current peak Physical Memory [PSS] (MB): peak = 1413.311; parent = 1205.404; children = 207.906
Synthesis current peak Virtual Memory [VSS] (MB): peak = 3061.645; parent = 2059.176; children = 1002.469
---------------------------------------------------------------------------------
Netlist sorting complete. Time (s): cpu = 00:00:00.01 ; elapsed = 00:00:00.01 . Memory (MB): peak = 2059.172 ; gain = 0.000 ; free physical = 887 ; free virtual = 3817
INFO: [Project 1-570] Preparing netlist for logic optimization

Processing XDC Constraints
Initializing timing engine
Parsing XDC File [/home/student/bog_zem/bog_zem.srcs/constrs_1/imports/Downloads/Zybo-Z7.xdc]
WARNING: [Vivado 12-507] No nets matched 'clk_IBUF'. [/home/student/bog_zem/bog_zem.srcs/constrs_1/imports/Downloads/Zybo-Z7.xdc:10]
CRITICAL WARNING: [Common 17-55] 'set_property' expects at least one object. [/home/student/bog_zem/bog_zem.srcs/constrs_1/imports/Downloads/Zybo-Z7.xdc:10]
Resolution: If [get_<value>] was used to populate the object, check to make sure this command returns at least one valid object.
WARNING: [Vivado 12-584] No ports matched 'sw[0]'. [/home/student/bog_zem/bog_zem.srcs/constrs_1/imports/Downloads/Zybo-Z7.xdc:16]
CRITICAL WARNING: [Common 17-55] 'set_property' expects at least one object. [/home/student/bog_zem/bog_zem.srcs/constrs_1/imports/Downloads/Zybo-Z7.xdc:16]
Resolution: If [get_<value>] was used to populate the object, check to make sure this command returns at least one valid object.
WARNING: [Vivado 12-584] No ports matched 'sw[1]'. [/home/student/bog_zem/bog_zem.srcs/constrs_1/imports/Downloads/Zybo-Z7.xdc:17]
CRITICAL WARNING: [Common 17-55] 'set_property' expects at least one object. [/home/student/bog_zem/bog_zem.srcs/constrs_1/imports/Downloads/Zybo-Z7.xdc:17]
Resolution: If [get_<value>] was used to populate the object, check to make sure this command returns at least one valid object.
WARNING: [Vivado 12-584] No ports matched 'sw[2]'. [/home/student/bog_zem/bog_zem.srcs/constrs_1/imports/Downloads/Zybo-Z7.xdc:18]
CRITICAL WARNING: [Common 17-55] 'set_property' expects at least one object. [/home/student/bog_zem/bog_zem.srcs/constrs_1/imports/Downloads/Zybo-Z7.xdc:18]
Resolution: If [get_<value>] was used to populate the object, check to make sure this command returns at least one valid object.
WARNING: [Vivado 12-584] No ports matched 'sw[3]'. [/home/student/bog_zem/bog_zem.srcs/constrs_1/imports/Downloads/Zybo-Z7.xdc:19]
CRITICAL WARNING: [Common 17-55] 'set_property' expects at least one object. [/home/student/bog_zem/bog_zem.srcs/constrs_1/imports/Downloads/Zybo-Z7.xdc:19]
Resolution: If [get_<value>] was used to populate the object, check to make sure this command returns at least one valid object.
WARNING: [Vivado 12-584] No ports matched 'btn[3]'. [/home/student/bog_zem/bog_zem.srcs/constrs_1/imports/Downloads/Zybo-Z7.xdc:26]
CRITICAL WARNING: [Common 17-55] 'set_property' expects at least one object. [/home/student/bog_zem/bog_zem.srcs/constrs_1/imports/Downloads/Zybo-Z7.xdc:26]
Resolution: If [get_<value>] was used to populate the object, check to make sure this command returns at least one valid object.
WARNING: [Vivado 12-584] No ports matched 'led[0]'. [/home/student/bog_zem/bog_zem.srcs/constrs_1/imports/Downloads/Zybo-Z7.xdc:30]
CRITICAL WARNING: [Common 17-55] 'set_property' expects at least one object. [/home/student/bog_zem/bog_zem.srcs/constrs_1/imports/Downloads/Zybo-Z7.xdc:30]
Resolution: If [get_<value>] was used to populate the object, check to make sure this command returns at least one valid object.
WARNING: [Vivado 12-584] No ports matched 'led[1]'. [/home/student/bog_zem/bog_zem.srcs/constrs_1/imports/Downloads/Zybo-Z7.xdc:31]
CRITICAL WARNING: [Common 17-55] 'set_property' expects at least one object. [/home/student/bog_zem/bog_zem.srcs/constrs_1/imports/Downloads/Zybo-Z7.xdc:31]
Resolution: If [get_<value>] was used to populate the object, check to make sure this command returns at least one valid object.
WARNING: [Vivado 12-584] No ports matched 'led[2]'. [/home/student/bog_zem/bog_zem.srcs/constrs_1/imports/Downloads/Zybo-Z7.xdc:32]
CRITICAL WARNING: [Common 17-55] 'set_property' expects at least one object. [/home/student/bog_zem/bog_zem.srcs/constrs_1/imports/Downloads/Zybo-Z7.xdc:32]
Resolution: If [get_<value>] was used to populate the object, check to make sure this command returns at least one valid object.
WARNING: [Vivado 12-584] No ports matched 'led[3]'. [/home/student/bog_zem/bog_zem.srcs/constrs_1/imports/Downloads/Zybo-Z7.xdc:33]
CRITICAL WARNING: [Common 17-55] 'set_property' expects at least one object. [/home/student/bog_zem/bog_zem.srcs/constrs_1/imports/Downloads/Zybo-Z7.xdc:33]
Resolution: If [get_<value>] was used to populate the object, check to make sure this command returns at least one valid object.
WARNING: [Vivado 12-584] No ports matched 'je[0]'. [/home/student/bog_zem/bog_zem.srcs/constrs_1/imports/Downloads/Zybo-Z7.xdc:151]
CRITICAL WARNING: [Common 17-55] 'set_property' expects at least one object. [/home/student/bog_zem/bog_zem.srcs/constrs_1/imports/Downloads/Zybo-Z7.xdc:151]
Resolution: If [get_<value>] was used to populate the object, check to make sure this command returns at least one valid object.
WARNING: [Vivado 12-584] No ports matched 'je[1]'. [/home/student/bog_zem/bog_zem.srcs/constrs_1/imports/Downloads/Zybo-Z7.xdc:152]
CRITICAL WARNING: [Common 17-55] 'set_property' expects at least one object. [/home/student/bog_zem/bog_zem.srcs/constrs_1/imports/Downloads/Zybo-Z7.xdc:152]
Resolution: If [get_<value>] was used to populate the object, check to make sure this command returns at least one valid object.
WARNING: [Vivado 12-584] No ports matched 'je[2]'. [/home/student/bog_zem/bog_zem.srcs/constrs_1/imports/Downloads/Zybo-Z7.xdc:153]
CRITICAL WARNING: [Common 17-55] 'set_property' expects at least one object. [/home/student/bog_zem/bog_zem.srcs/constrs_1/imports/Downloads/Zybo-Z7.xdc:153]
Resolution: If [get_<value>] was used to populate the object, check to make sure this command returns at least one valid object.
WARNING: [Vivado 12-584] No ports matched 'je[3]'. [/home/student/bog_zem/bog_zem.srcs/constrs_1/imports/Downloads/Zybo-Z7.xdc:154]
CRITICAL WARNING: [Common 17-55] 'set_property' expects at least one object. [/home/student/bog_zem/bog_zem.srcs/constrs_1/imports/Downloads/Zybo-Z7.xdc:154]
Resolution: If [get_<value>] was used to populate the object, check to make sure this command returns at least one valid object.
WARNING: [Vivado 12-584] No ports matched 'je[4]'. [/home/student/bog_zem/bog_zem.srcs/constrs_1/imports/Downloads/Zybo-Z7.xdc:155]
CRITICAL WARNING: [Common 17-55] 'set_property' expects at least one object. [/home/student/bog_zem/bog_zem.srcs/constrs_1/imports/Downloads/Zybo-Z7.xdc:155]
Resolution: If [get_<value>] was used to populate the object, check to make sure this command returns at least one valid object.
WARNING: [Vivado 12-584] No ports matched 'je[5]'. [/home/student/bog_zem/bog_zem.srcs/constrs_1/imports/Downloads/Zybo-Z7.xdc:156]
CRITICAL WARNING: [Common 17-55] 'set_property' expects at least one object. [/home/student/bog_zem/bog_zem.srcs/constrs_1/imports/Downloads/Zybo-Z7.xdc:156]
Resolution: If [get_<value>] was used to populate the object, check to make sure this command returns at least one valid object.
WARNING: [Vivado 12-507] No nets matched 'je_IBUF[6]'. [/home/student/bog_zem/bog_zem.srcs/constrs_1/imports/Downloads/Zybo-Z7.xdc:157]
CRITICAL WARNING: [Common 17-55] 'set_property' expects at least one object. [/home/student/bog_zem/bog_zem.srcs/constrs_1/imports/Downloads/Zybo-Z7.xdc:157]
Resolution: If [get_<value>] was used to populate the object, check to make sure this command returns at least one valid object.
WARNING: [Vivado 12-584] No ports matched 'je[6]'. [/home/student/bog_zem/bog_zem.srcs/constrs_1/imports/Downloads/Zybo-Z7.xdc:158]
CRITICAL WARNING: [Common 17-55] 'set_property' expects at least one object. [/home/student/bog_zem/bog_zem.srcs/constrs_1/imports/Downloads/Zybo-Z7.xdc:158]
Resolution: If [get_<value>] was used to populate the object, check to make sure this command returns at least one valid object.
WARNING: [Vivado 12-584] No ports matched 'je[7]'. [/home/student/bog_zem/bog_zem.srcs/constrs_1/imports/Downloads/Zybo-Z7.xdc:159]
CRITICAL WARNING: [Common 17-55] 'set_property' expects at least one object. [/home/student/bog_zem/bog_zem.srcs/constrs_1/imports/Downloads/Zybo-Z7.xdc:159]
Resolution: If [get_<value>] was used to populate the object, check to make sure this command returns at least one valid object.
Finished Parsing XDC File [/home/student/bog_zem/bog_zem.srcs/constrs_1/imports/Downloads/Zybo-Z7.xdc]
INFO: [Project 1-236] Implementation specific constraints were found while reading constraint file [/home/student/bog_zem/bog_zem.srcs/constrs_1/imports/Downloads/Zybo-Z7.xdc]. These constraints will be ignored for synthesis but will be used in implementation. Impacted constraints are listed in the file [.Xil/main_propImpl.xdc].
Resolution: To avoid this warning, move constraints listed in [.Xil/main_propImpl.xdc] to another XDC file and exclude this new file from synthesis with the used_in_synthesis property (File Properties dialog in GUI) and re-run elaboration/synthesis.
Completed Processing XDC Constraints

Netlist sorting complete. Time (s): cpu = 00:00:00 ; elapsed = 00:00:00 . Memory (MB): peak = 2192.906 ; gain = 0.000 ; free physical = 801 ; free virtual = 3731
INFO: [Project 1-111] Unisim Transformation Summary:
No Unisim elements were transformed.

Constraint Validation Runtime : Time (s): cpu = 00:00:00 ; elapsed = 00:00:00 . Memory (MB): peak = 2192.906 ; gain = 0.000 ; free physical = 801 ; free virtual = 3731
INFO: [Designutils 20-5440] No compile time benefit to using incremental synthesis; A full resynthesis will be run
INFO: [Designutils 20-4379] Flow is switching to default flow due to incremental criteria not met. If you would like to alter this behaviour and have the flow terminate instead, please set the following parameter config_implementation {autoIncr.Synth.RejectBehavior Terminate}
INFO: [Synth 8-11241] undeclared symbol 'REGCCE', assumed default net type 'wire' [/opt/Xilinx/Vivado/2022.2/data/verilog/src/unimacro/BRAM_SINGLE_MACRO.v:2170]
---------------------------------------------------------------------------------
Finished Constraint Validation : Time (s): cpu = 00:00:12 ; elapsed = 00:00:13 . Memory (MB): peak = 2192.906 ; gain = 591.348 ; free physical = 860 ; free virtual = 3790
Synthesis current peak Physical Memory [PSS] (MB): peak = 1420.164; parent = 1212.680; children = 207.906
Synthesis current peak Virtual Memory [VSS] (MB): peak = 3195.379; parent = 2192.910; children = 1002.469
---------------------------------------------------------------------------------
---------------------------------------------------------------------------------
Start Loading Part and Timing Information
---------------------------------------------------------------------------------
Loading part: xc7z010clg400-1
---------------------------------------------------------------------------------
Finished Loading Part and Timing Information : Time (s): cpu = 00:00:12 ; elapsed = 00:00:13 . Memory (MB): peak = 2192.906 ; gain = 591.348 ; free physical = 860 ; free virtual = 3790
Synthesis current peak Physical Memory [PSS] (MB): peak = 1420.164; parent = 1212.680; children = 207.906
Synthesis current peak Virtual Memory [VSS] (MB): peak = 3195.379; parent = 2192.910; children = 1002.469
---------------------------------------------------------------------------------
---------------------------------------------------------------------------------
Start Applying 'set_property' XDC Constraints
---------------------------------------------------------------------------------
---------------------------------------------------------------------------------
Finished applying 'set_property' XDC Constraints : Time (s): cpu = 00:00:12 ; elapsed = 00:00:13 . Memory (MB): peak = 2192.906 ; gain = 591.348 ; free physical = 860 ; free virtual = 3790
Synthesis current peak Physical Memory [PSS] (MB): peak = 1420.164; parent = 1212.680; children = 207.906
Synthesis current peak Virtual Memory [VSS] (MB): peak = 3195.379; parent = 2192.910; children = 1002.469
---------------------------------------------------------------------------------
---------------------------------------------------------------------------------
Finished RTL Optimization Phase 2 : Time (s): cpu = 00:00:13 ; elapsed = 00:00:14 . Memory (MB): peak = 2192.906 ; gain = 591.348 ; free physical = 848 ; free virtual = 3779
Synthesis current peak Physical Memory [PSS] (MB): peak = 1420.164; parent = 1212.680; children = 207.906
Synthesis current peak Virtual Memory [VSS] (MB): peak = 3195.379; parent = 2192.910; children = 1002.469
---------------------------------------------------------------------------------
---------------------------------------------------------------------------------
Start RTL Component Statistics 
---------------------------------------------------------------------------------
Detailed RTL Component Info : 
+---Adders : 
	   2 Input   32 Bit       Adders := 1     
	   2 Input   31 Bit       Adders := 4     
	   2 Input    6 Bit       Adders := 1     
+---XORs : 
	   2 Input      1 Bit         XORs := 1     
+---Registers : 
	               31 Bit    Registers := 5     
	                8 Bit    Registers := 1     
	                1 Bit    Registers := 16    
+---Muxes : 
	   2 Input   31 Bit        Muxes := 9     
	   5 Input   31 Bit        Muxes := 1     
	   2 Input    8 Bit        Muxes := 7     
	   2 Input    6 Bit        Muxes := 3     
	   2 Input    1 Bit        Muxes := 34    
	   5 Input    1 Bit        Muxes := 1     
---------------------------------------------------------------------------------
Finished RTL Component Statistics 
---------------------------------------------------------------------------------
---------------------------------------------------------------------------------
Start Part Resource Summary
---------------------------------------------------------------------------------
Part Resources:
DSPs: 80 (col length:40)
BRAMs: 120 (col length: RAMB18 40 RAMB36 20)
---------------------------------------------------------------------------------
Finished Part Resource Summary
---------------------------------------------------------------------------------
---------------------------------------------------------------------------------
Start Cross Boundary and Area Optimization
---------------------------------------------------------------------------------
WARNING: [Synth 8-7080] Parallel synthesis criteria is not met
---------------------------------------------------------------------------------
Finished Cross Boundary and Area Optimization : Time (s): cpu = 00:00:16 ; elapsed = 00:00:17 . Memory (MB): peak = 2192.906 ; gain = 591.348 ; free physical = 825 ; free virtual = 3760
Synthesis current peak Physical Memory [PSS] (MB): peak = 1420.164; parent = 1212.680; children = 207.906
Synthesis current peak Virtual Memory [VSS] (MB): peak = 3195.379; parent = 2192.910; children = 1002.469
---------------------------------------------------------------------------------
---------------------------------------------------------------------------------
Start Applying XDC Timing Constraints
---------------------------------------------------------------------------------
---------------------------------------------------------------------------------
Finished Applying XDC Timing Constraints : Time (s): cpu = 00:00:21 ; elapsed = 00:00:23 . Memory (MB): peak = 2192.906 ; gain = 591.348 ; free physical = 719 ; free virtual = 3655
Synthesis current peak Physical Memory [PSS] (MB): peak = 1520.890; parent = 1313.545; children = 207.906
Synthesis current peak Virtual Memory [VSS] (MB): peak = 3195.379; parent = 2192.910; children = 1002.469
---------------------------------------------------------------------------------
---------------------------------------------------------------------------------
Start Timing Optimization
---------------------------------------------------------------------------------
---------------------------------------------------------------------------------
Finished Timing Optimization : Time (s): cpu = 00:00:22 ; elapsed = 00:00:23 . Memory (MB): peak = 2192.906 ; gain = 591.348 ; free physical = 700 ; free virtual = 3636
Synthesis current peak Physical Memory [PSS] (MB): peak = 1526.187; parent = 1318.842; children = 207.906
Synthesis current peak Virtual Memory [VSS] (MB): peak = 3195.379; parent = 2192.910; children = 1002.469
---------------------------------------------------------------------------------
---------------------------------------------------------------------------------
Start Technology Mapping
---------------------------------------------------------------------------------
---------------------------------------------------------------------------------
Finished Technology Mapping : Time (s): cpu = 00:00:22 ; elapsed = 00:00:24 . Memory (MB): peak = 2192.906 ; gain = 591.348 ; free physical = 705 ; free virtual = 3640
Synthesis current peak Physical Memory [PSS] (MB): peak = 1527.288; parent = 1319.943; children = 207.906
Synthesis current peak Virtual Memory [VSS] (MB): peak = 3195.379; parent = 2192.910; children = 1002.469
---------------------------------------------------------------------------------
---------------------------------------------------------------------------------
Start IO Insertion
---------------------------------------------------------------------------------
---------------------------------------------------------------------------------
Start Flattening Before IO Insertion
---------------------------------------------------------------------------------
---------------------------------------------------------------------------------
Finished Flattening Before IO Insertion
---------------------------------------------------------------------------------
---------------------------------------------------------------------------------
Start Final Netlist Cleanup
---------------------------------------------------------------------------------
---------------------------------------------------------------------------------
Finished Final Netlist Cleanup
---------------------------------------------------------------------------------
---------------------------------------------------------------------------------
Finished IO Insertion : Time (s): cpu = 00:00:27 ; elapsed = 00:00:28 . Memory (MB): peak = 2192.906 ; gain = 591.348 ; free physical = 706 ; free virtual = 3642
Synthesis current peak Physical Memory [PSS] (MB): peak = 1527.516; parent = 1320.170; children = 207.906
Synthesis current peak Virtual Memory [VSS] (MB): peak = 3195.379; parent = 2192.910; children = 1002.469
---------------------------------------------------------------------------------
---------------------------------------------------------------------------------
Start Renaming Generated Instances
---------------------------------------------------------------------------------
---------------------------------------------------------------------------------
Finished Renaming Generated Instances : Time (s): cpu = 00:00:27 ; elapsed = 00:00:28 . Memory (MB): peak = 2192.906 ; gain = 591.348 ; free physical = 706 ; free virtual = 3642
Synthesis current peak Physical Memory [PSS] (MB): peak = 1527.531; parent = 1320.186; children = 207.906
Synthesis current peak Virtual Memory [VSS] (MB): peak = 3195.379; parent = 2192.910; children = 1002.469
---------------------------------------------------------------------------------
---------------------------------------------------------------------------------
Start Rebuilding User Hierarchy
---------------------------------------------------------------------------------
---------------------------------------------------------------------------------
Finished Rebuilding User Hierarchy : Time (s): cpu = 00:00:27 ; elapsed = 00:00:28 . Memory (MB): peak = 2192.906 ; gain = 591.348 ; free physical = 706 ; free virtual = 3642
Synthesis current peak Physical Memory [PSS] (MB): peak = 1527.547; parent = 1320.201; children = 207.906
Synthesis current peak Virtual Memory [VSS] (MB): peak = 3195.379; parent = 2192.910; children = 1002.469
---------------------------------------------------------------------------------
---------------------------------------------------------------------------------
Start Renaming Generated Ports
---------------------------------------------------------------------------------
---------------------------------------------------------------------------------
Finished Renaming Generated Ports : Time (s): cpu = 00:00:27 ; elapsed = 00:00:28 . Memory (MB): peak = 2192.906 ; gain = 591.348 ; free physical = 706 ; free virtual = 3642
Synthesis current peak Physical Memory [PSS] (MB): peak = 1527.547; parent = 1320.201; children = 207.906
Synthesis current peak Virtual Memory [VSS] (MB): peak = 3195.379; parent = 2192.910; children = 1002.469
---------------------------------------------------------------------------------
---------------------------------------------------------------------------------
Start Handling Custom Attributes
---------------------------------------------------------------------------------
---------------------------------------------------------------------------------
Finished Handling Custom Attributes : Time (s): cpu = 00:00:27 ; elapsed = 00:00:28 . Memory (MB): peak = 2192.906 ; gain = 591.348 ; free physical = 706 ; free virtual = 3642
Synthesis current peak Physical Memory [PSS] (MB): peak = 1527.547; parent = 1320.201; children = 207.906
Synthesis current peak Virtual Memory [VSS] (MB): peak = 3195.379; parent = 2192.910; children = 1002.469
---------------------------------------------------------------------------------
---------------------------------------------------------------------------------
Start Renaming Generated Nets
---------------------------------------------------------------------------------
---------------------------------------------------------------------------------
Finished Renaming Generated Nets : Time (s): cpu = 00:00:27 ; elapsed = 00:00:28 . Memory (MB): peak = 2192.906 ; gain = 591.348 ; free physical = 706 ; free virtual = 3642
Synthesis current peak Physical Memory [PSS] (MB): peak = 1527.562; parent = 1320.217; children = 207.906
Synthesis current peak Virtual Memory [VSS] (MB): peak = 3195.379; parent = 2192.910; children = 1002.469
---------------------------------------------------------------------------------
---------------------------------------------------------------------------------
Start Writing Synthesis Report
---------------------------------------------------------------------------------

Report BlackBoxes: 
+-+--------------+----------+
| |BlackBox name |Instances |
+-+--------------+----------+
+-+--------------+----------+

Report Cell Usage: 
+------+-------+------+
|      |Cell   |Count |
+------+-------+------+
|1     |BUFG   |     1|
|2     |CARRY4 |    32|
|3     |LUT1   |    32|
|4     |LUT2   |    45|
|5     |LUT3   |     7|
|6     |LUT4   |    28|
|7     |LUT5   |    92|
|8     |LUT6   |    41|
|9     |FDRE   |   149|
|10    |FDSE   |     3|
|11    |IBUF   |     4|
|12    |OBUF   |     8|
+------+-------+------+
---------------------------------------------------------------------------------
Finished Writing Synthesis Report : Time (s): cpu = 00:00:27 ; elapsed = 00:00:28 . Memory (MB): peak = 2192.906 ; gain = 591.348 ; free physical = 706 ; free virtual = 3642
Synthesis current peak Physical Memory [PSS] (MB): peak = 1527.594; parent = 1320.248; children = 207.906
Synthesis current peak Virtual Memory [VSS] (MB): peak = 3195.379; parent = 2192.910; children = 1002.469
---------------------------------------------------------------------------------
Synthesis finished with 0 errors, 0 critical warnings and 1 warnings.
Synthesis Optimization Runtime : Time (s): cpu = 00:00:25 ; elapsed = 00:00:27 . Memory (MB): peak = 2192.906 ; gain = 457.613 ; free physical = 759 ; free virtual = 3695
Synthesis Optimization Complete : Time (s): cpu = 00:00:27 ; elapsed = 00:00:28 . Memory (MB): peak = 2192.914 ; gain = 591.348 ; free physical = 759 ; free virtual = 3695
INFO: [Project 1-571] Translating synthesized netlist
Netlist sorting complete. Time (s): cpu = 00:00:03 ; elapsed = 00:00:00 . Memory (MB): peak = 2192.914 ; gain = 0.000 ; free physical = 870 ; free virtual = 3806
INFO: [Netlist 29-17] Analyzing 32 Unisim elements for replacement
INFO: [Netlist 29-28] Unisim Transformation completed in 0 CPU seconds
INFO: [Project 1-570] Preparing netlist for logic optimization
INFO: [Opt 31-138] Pushed 0 inverter(s) to 0 load pin(s).
Netlist sorting complete. Time (s): cpu = 00:00:00 ; elapsed = 00:00:00 . Memory (MB): peak = 2192.914 ; gain = 0.000 ; free physical = 816 ; free virtual = 3751
INFO: [Project 1-111] Unisim Transformation Summary:
No Unisim elements were transformed.

Synth Design complete, checksum: 1a5bb3d1
INFO: [Common 17-83] Releasing license: Synthesis
31 Infos, 25 Warnings, 19 Critical Warnings and 0 Errors encountered.
synth_design completed successfully
synth_design: Time (s): cpu = 00:00:35 ; elapsed = 00:00:34 . Memory (MB): peak = 2192.914 ; gain = 860.754 ; free physical = 1019 ; free virtual = 3955
INFO: [runtcl-6] Synthesis results are not added to the cache due to CRITICAL_WARNING
INFO: [Common 17-1381] The checkpoint '/home/student/bog_zem/bog_zem.runs/synth_1/main.dcp' has been generated.
INFO: [runtcl-4] Executing : report_utilization -file main_utilization_synth.rpt -pb main_utilization_synth.pb
INFO: [Common 17-206] Exiting Vivado at Thu Jan 19 17:26:09 2023...
